


ARM Macro Assembler    Page 1 


    1 00000000                 AREA             RESET, DATA, READONLY
    2 00000000                 EXPORT           __Vectors
    3 00000000         
    4 00000000         __Vectors
    5 00000000 100000FF        DCD              0x100000FF  ; stack pointer val
                                                            ue when stack is em
                                                            pty
    6 00000004 00000000        DCD              Reset_Handler ; reset vector
    7 00000008         
    8 00000008                 ALIGN
    9 00000008         
   10 00000008                 AREA             mycode, CODE, READONLY
   11 00000000                 EXPORT           Reset_Handler
   12 00000000                 ENTRY
   13 00000000         Reset_Handler
   14 00000000 480F            LDR              R0, =SRC
   15 00000002 4910            LDR              R1, =DST
   16 00000004 F04F 020A       MOV              R2, #10
   17 00000008         
   18 00000008         LOOP
   19 00000008 F850 3B04       LDR              R3,[R0],#04
   20 0000000C F841 3B04       STR              R3,[R1],#04
   21 00000010 3A01            SUBS             R2,#1
   22 00000012 D1F9            BNE              LOOP
   23 00000014         STOP
   24 00000014 E7FE            B                STOP
   25 00000016 00 00 11111111 
              22222222 
              33333333 
              44444444 
              55555555 
              66666666 
              77777777 
              88888888 
              99999999 
              AAAAAAAA SRC     DCD              0X11111111, 0X22222222, 0X33333
333, 0X44444444, 0X55555555, 0X66666666, 0X77777777, 0X88888888, 0X99999999, 0X
AAAAAAAA
   26 00000040 00000000 
              00000000         AREA             mydata, DATA, READWRITE
   27 00000000 00000000 
              00000000 
              00000000 
              00000000 
              00000000 
              00000000 
              00000000 
              00000000 
              00000000 
              00000000 DST     DCD              0,0,0,0,0,0,0,0,0,0
   28 00000028                 END
Command Line: --debug --xref --cpu=Cortex-M3 --apcs=interwork --depend=1a.d -o1
a.o -ID:\Softwares\Keil4\ARM\RV31\INC -ID:\Softwares\Keil4\ARM\CMSIS\Include -I
D:\Softwares\Keil4\ARM\Inc\NXP\LPC17xx --predefine="__EVAL SETA 1" --list=.\1a.
lst "ES LAB\L1\1a.s"



ARM Macro Assembler    Page 1 Alphabetic symbol ordering
Relocatable symbols

RESET 00000000

Symbol: RESET
   Definitions
      At line 1 in file ES
   Uses
      None
Comment: RESET unused
__Vectors 00000000

Symbol: __Vectors
   Definitions
      At line 4 in file ES
   Uses
      At line 2 in file ES
Comment: __Vectors used once
2 symbols



ARM Macro Assembler    Page 1 Alphabetic symbol ordering
Relocatable symbols

LOOP 00000008

Symbol: LOOP
   Definitions
      At line 18 in file ES
   Uses
      At line 22 in file ES
Comment: LOOP used once
Reset_Handler 00000000

Symbol: Reset_Handler
   Definitions
      At line 13 in file ES
   Uses
      At line 6 in file ES
      At line 11 in file ES

SRC 00000018

Symbol: SRC
   Definitions
      At line 25 in file ES
   Uses
      At line 14 in file ES
Comment: SRC used once
STOP 00000014

Symbol: STOP
   Definitions
      At line 23 in file ES
   Uses
      At line 24 in file ES
Comment: STOP used once
mycode 00000000

Symbol: mycode
   Definitions
      At line 10 in file ES
   Uses
      None
Comment: mycode unused
5 symbols



ARM Macro Assembler    Page 1 Alphabetic symbol ordering
Relocatable symbols

DST 00000000

Symbol: DST
   Definitions
      At line 27 in file ES
   Uses
      At line 15 in file ES
Comment: DST used once
mydata 00000000

Symbol: mydata
   Definitions
      At line 26 in file ES
   Uses
      None
Comment: mydata unused
2 symbols
342 symbols in table
