


ARM Macro Assembler    Page 1 


    1 00000000                 AREA             RESET, DATA, READONLY
    2 00000000                 EXPORT           __Vectors
    3 00000000         
    4 00000000         __Vectors
    5 00000000 100000FF        DCD              0x100000FF  ; stack pointer val
                                                            ue when stack is em
                                                            pty
    6 00000004 00000000        DCD              Reset_Handler ; reset vector
    7 00000008         
    8 00000008                 ALIGN
    9 00000008         
   10 00000008                 AREA             mycode, CODE, READONLY
   11 00000000                 EXPORT           Reset_Handler
   12 00000000                 ENTRY
   13 00000000         Reset_Handler
   14 00000000 480A            LDR              R0,=NUM
   15 00000002 6801            LDR              R1,[R0]
   16 00000004 F04F 020A       MOV              R2,#10
   17 00000008 F04F 0408       MOV              R4,#8
   18 0000000C         LOOP
   19 0000000C FBB1 F3F2       UDIV             R3,R1,R2
   20 00000010 FB02 1513       MLS              R5,R2,R3,R1
   21 00000014 442E            ADD              R6,R5
   22 00000016 EA4F 1636       ROR              R6,#4
   23 0000001A 4619            MOV              R1,R3
   24 0000001C 3C01            SUBS             R4,#1
   25 0000001E D1F5            BNE              LOOP
   26 00000020 4803            LDR              R0,=RES
   27 00000022 6006            STR              R6,[R0]
   28 00000024         STOP
   29 00000024 E7FE            B                STOP
   30 00000026 00 00 000000AC 
                       NUM     DCD              0XAC
   31 0000002C 00000000 
              00000000         AREA             mydata, DATA,READWRITE
   32 00000000 00000000 
                       RES     DCD              0
   33 00000004                 END
Command Line: --debug --xref --cpu=Cortex-M3 --apcs=interwork --depend=4.d -o4.
o -ID:\Softwares\Keil4\ARM\RV31\INC -ID:\Softwares\Keil4\ARM\CMSIS\Include -ID:
\Softwares\Keil4\ARM\Inc\NXP\LPC17xx --predefine="__EVAL SETA 1" --list=.\4.lst
 "ES LAB\L4\4.s"



ARM Macro Assembler    Page 1 Alphabetic symbol ordering
Relocatable symbols

RESET 00000000

Symbol: RESET
   Definitions
      At line 1 in file ES
   Uses
      None
Comment: RESET unused
__Vectors 00000000

Symbol: __Vectors
   Definitions
      At line 4 in file ES
   Uses
      At line 2 in file ES
Comment: __Vectors used once
2 symbols



ARM Macro Assembler    Page 1 Alphabetic symbol ordering
Relocatable symbols

LOOP 0000000C

Symbol: LOOP
   Definitions
      At line 18 in file ES
   Uses
      At line 25 in file ES
Comment: LOOP used once
NUM 00000028

Symbol: NUM
   Definitions
      At line 30 in file ES
   Uses
      At line 14 in file ES
Comment: NUM used once
Reset_Handler 00000000

Symbol: Reset_Handler
   Definitions
      At line 13 in file ES
   Uses
      At line 6 in file ES
      At line 11 in file ES

STOP 00000024

Symbol: STOP
   Definitions
      At line 28 in file ES
   Uses
      At line 29 in file ES
Comment: STOP used once
mycode 00000000

Symbol: mycode
   Definitions
      At line 10 in file ES
   Uses
      None
Comment: mycode unused
5 symbols



ARM Macro Assembler    Page 1 Alphabetic symbol ordering
Relocatable symbols

RES 00000000

Symbol: RES
   Definitions
      At line 32 in file ES
   Uses
      At line 26 in file ES
Comment: RES used once
mydata 00000000

Symbol: mydata
   Definitions
      At line 31 in file ES
   Uses
      None
Comment: mydata unused
2 symbols
342 symbols in table
