


ARM Macro Assembler    Page 1 


    1 00000000                 AREA             RESET, DATA, READONLY
    2 00000000                 EXPORT           __Vectors
    3 00000000         
    4 00000000         __Vectors
    5 00000000 100000FF        DCD              0x100000FF  ; stack pointer val
                                                            ue when stack is em
                                                            pty
    6 00000004 00000000        DCD              Reset_Handler ; reset vector
    7 00000008         
    8 00000008                 ALIGN
    9 00000008         
   10 00000008                 AREA             mycode, CODE, READONLY
   11 00000000                 EXPORT           Reset_Handler
   12 00000000                 ENTRY
   13 00000000         Reset_Handler
   14 00000000 480D            LDR              R0, =SRC
   15 00000002 6802            LDR              R2, [R0]
   16 00000004 F04F 0100       MOV              R1, #0
   17 00000008 F04F 0408       MOV              R4, #8
   18 0000000C F04F 0500       MOV              R5, #0
   19 00000010         LOOP
   20 00000010 4613            MOV              R3, R2
   21 00000012 F04F 0600       MOV              R6, #0
   22 00000016 2B0A            CMP              R3, #0X0A
   23 00000018 D303            BLO              NEXT
   24 0000001A         DIVIDE
   25 0000001A F106 0601       ADD              R6, #1
   26 0000001E 3B0A            SUBS             R3, #10
   27 00000020 D2FB            BCS              DIVIDE
   28 00000022         NEXT
   29 00000022 EA45 0503       ORR              R5, R3
   30 00000026 EA4F 1505       LSL              R5, #4
   31 0000002A 4632            MOV              R2, R6
   32 0000002C 3C01            SUBS             R4, #1
   33 0000002E D1EF            BNE              LOOP
   34 00000030         
   35 00000030         
   36 00000030         STOP
   37 00000030 E7FE            B                STOP
   38 00000032 00 00 001A2B3C 
                       SRC     DCD              0X1A2B3C
   39 00000038 00000000        AREA             mydata, DATA, READWRITE
   40 00000000 00000000 
                       DST     DCD              0
   41 00000004                 END
Command Line: --debug --xref --cpu=Cortex-M3 --apcs=interwork --depend=h2b.d -o
h2b.o -ID:\Softwares\Keil4\ARM\RV31\INC -ID:\Softwares\Keil4\ARM\CMSIS\Include 
-ID:\Softwares\Keil4\ARM\Inc\NXP\LPC17xx --predefine="__EVAL SETA 1" --list=.\h
2b.lst "Practice Codes\h2b.s"



ARM Macro Assembler    Page 1 Alphabetic symbol ordering
Relocatable symbols

RESET 00000000

Symbol: RESET
   Definitions
      At line 1 in file Practice
   Uses
      None
Comment: RESET unused
__Vectors 00000000

Symbol: __Vectors
   Definitions
      At line 4 in file Practice
   Uses
      At line 2 in file Practice
Comment: __Vectors used once
2 symbols



ARM Macro Assembler    Page 1 Alphabetic symbol ordering
Relocatable symbols

DIVIDE 0000001A

Symbol: DIVIDE
   Definitions
      At line 24 in file Practice
   Uses
      At line 27 in file Practice
Comment: DIVIDE used once
LOOP 00000010

Symbol: LOOP
   Definitions
      At line 19 in file Practice
   Uses
      At line 33 in file Practice
Comment: LOOP used once
NEXT 00000022

Symbol: NEXT
   Definitions
      At line 28 in file Practice
   Uses
      At line 23 in file Practice
Comment: NEXT used once
Reset_Handler 00000000

Symbol: Reset_Handler
   Definitions
      At line 13 in file Practice
   Uses
      At line 6 in file Practice
      At line 11 in file Practice

SRC 00000034

Symbol: SRC
   Definitions
      At line 38 in file Practice
   Uses
      At line 14 in file Practice
Comment: SRC used once
STOP 00000030

Symbol: STOP
   Definitions
      At line 36 in file Practice
   Uses
      At line 37 in file Practice
Comment: STOP used once
mycode 00000000

Symbol: mycode
   Definitions
      At line 10 in file Practice
   Uses
      None
Comment: mycode unused
7 symbols



ARM Macro Assembler    Page 1 Alphabetic symbol ordering
Relocatable symbols

DST 00000000

Symbol: DST
   Definitions
      At line 40 in file Practice
   Uses
      None
Comment: DST unused
mydata 00000000

Symbol: mydata
   Definitions
      At line 39 in file Practice
   Uses
      None
Comment: mydata unused
2 symbols
344 symbols in table
