


ARM Macro Assembler    Page 1 


    1 00000000                 AREA             RESET, DATA, READONLY
    2 00000000                 EXPORT           __Vectors
    3 00000000         __Vectors
    4 00000000 100000FF        DCD              0x100000FF
    5 00000004 00000000        DCD              Reset_Handler
    6 00000008         
    7 00000008                 ALIGN
    8 00000008         
    9 00000008                 AREA             mycode, CODE, READONLY
   10 00000000                 EXPORT           Reset_Handler
   11 00000000                 ENTRY
   12 00000000         Reset_Handler
   13 00000000 481D            LDR              R0, =NUM
   14 00000002 491E            LDR              R1, =DST
   15 00000004 F04F 0204       MOV              R2, #4
   16 00000008         
   17 00000008         LOOP1
   18 00000008 F850 3B04       LDR              R3,[R0],#04
   19 0000000C F841 3B04       STR              R3,[R1],#04
   20 00000010 3A01            SUBS             R2,#1
   21 00000012 D1F9            BNE              LOOP1
   22 00000014         
   23 00000014 4819            LDR              R0, =DST
   24 00000016 4919            LDR              R1, =DST
   25 00000018 F04F 0303       MOV              R3, #3
   26 0000001C F04F 0501       MOV              R5, #1
   27 00000020         
   28 00000020         OUTER
   29 00000020 4601            MOV              R1, R0
   30 00000022 4602            MOV              R2, R0
   31 00000024 F101 0104       ADD              R1, #4
   32 00000028 462E            MOV              R6, R5
   33 0000002A         
   34 0000002A         LOOP
   35 0000002A F851 7904       LDR              R7, [R1], #-4
   36 0000002E F852 4904       LDR              R4, [R2], #-4
   37 00000032 42BC            CMP              R4, R7
   38 00000034 D802            BHI              SWAP
   39 00000036 3E01            SUBS             R6, #1
   40 00000038 D1F7            BNE              LOOP
   41 0000003A D00E            BEQ              NEXT
   42 0000003C         
   43 0000003C         SWAP
   44 0000003C 46B8            MOV              R8, R7
   45 0000003E 4627            MOV              R7, R4
   46 00000040 4644            MOV              R4, R8
   47 00000042 F101 0104       ADD              R1, #4
   48 00000046 F102 0204       ADD              R2, #4
   49 0000004A 600F            STR              R7, [R1]
   50 0000004C 6014            STR              R4, [R2]
   51 0000004E F1A1 0104       SUB              R1, #4
   52 00000052 F1A2 0204       SUB              R2, #4
   53 00000056 3E01            SUBS             R6, #1
   54 00000058 D1E7            BNE              LOOP
   55 0000005A         
   56 0000005A         
   57 0000005A         NEXT
   58 0000005A F105 0501       ADD              R5, #1
   59 0000005E F100 0004       ADD              R0, #4



ARM Macro Assembler    Page 2 


   60 00000062 3B01            SUBS             R3, #1
   61 00000064 D1DC            BNE              OUTER
   62 00000066         
   63 00000066         
   64 00000066 E7FE    stop    B                stop
   65 00000068 55555555 
              22222222 
              66666666 
              11111111 NUM     DCD              0x55555555, 0x22222222, 0x66666
666, 0x11111111
   66 00000078 00000000 
              00000000 
              00000000 
              00000000         AREA             datamemory, DATA, READWRITE
   67 00000000 00000000 
                       DST     DCD              0
   68 00000004                 END
Command Line: --debug --xref --cpu=Cortex-M3 --apcs=interwork --depend=insertio
n.d -oinsertion.o -ID:\Softwares\Keil4\ARM\RV31\INC -ID:\Softwares\Keil4\ARM\CM
SIS\Include -ID:\Softwares\Keil4\ARM\Inc\NXP\LPC17xx --predefine="__EVAL SETA 1
" --list=.\insertion.lst "Practice Codes\insertion.s"



ARM Macro Assembler    Page 1 Alphabetic symbol ordering
Relocatable symbols

RESET 00000000

Symbol: RESET
   Definitions
      At line 1 in file Practice
   Uses
      None
Comment: RESET unused
__Vectors 00000000

Symbol: __Vectors
   Definitions
      At line 3 in file Practice
   Uses
      At line 2 in file Practice
Comment: __Vectors used once
2 symbols



ARM Macro Assembler    Page 1 Alphabetic symbol ordering
Relocatable symbols

LOOP 0000002A

Symbol: LOOP
   Definitions
      At line 34 in file Practice
   Uses
      At line 40 in file Practice
      At line 54 in file Practice

LOOP1 00000008

Symbol: LOOP1
   Definitions
      At line 17 in file Practice
   Uses
      At line 21 in file Practice
Comment: LOOP1 used once
NEXT 0000005A

Symbol: NEXT
   Definitions
      At line 57 in file Practice
   Uses
      At line 41 in file Practice
Comment: NEXT used once
NUM 00000068

Symbol: NUM
   Definitions
      At line 65 in file Practice
   Uses
      At line 13 in file Practice
Comment: NUM used once
OUTER 00000020

Symbol: OUTER
   Definitions
      At line 28 in file Practice
   Uses
      At line 61 in file Practice
Comment: OUTER used once
Reset_Handler 00000000

Symbol: Reset_Handler
   Definitions
      At line 12 in file Practice
   Uses
      At line 5 in file Practice
      At line 10 in file Practice

SWAP 0000003C

Symbol: SWAP
   Definitions
      At line 43 in file Practice
   Uses
      At line 38 in file Practice
Comment: SWAP used once
mycode 00000000



ARM Macro Assembler    Page 2 Alphabetic symbol ordering
Relocatable symbols


Symbol: mycode
   Definitions
      At line 9 in file Practice
   Uses
      None
Comment: mycode unused
stop 00000066

Symbol: stop
   Definitions
      At line 64 in file Practice
   Uses
      At line 64 in file Practice
Comment: stop used once
9 symbols



ARM Macro Assembler    Page 1 Alphabetic symbol ordering
Relocatable symbols

DST 00000000

Symbol: DST
   Definitions
      At line 67 in file Practice
   Uses
      At line 14 in file Practice
      At line 23 in file Practice
      At line 24 in file Practice

datamemory 00000000

Symbol: datamemory
   Definitions
      At line 66 in file Practice
   Uses
      None
Comment: datamemory unused
2 symbols
346 symbols in table
