


ARM Macro Assembler    Page 1 


    1 00000000                 AREA             RESET, DATA, READONLY
    2 00000000                 EXPORT           __Vectors
    3 00000000         __Vectors
    4 00000000         
    5 00000000 100000FF        DCD              0x100000FF
    6 00000004 00000000        DCD              Reset_Handler
    7 00000008         
    8 00000008                 ALIGN
    9 00000008         
   10 00000008                 AREA             mycode, CODE, READONLY
   11 00000000                 EXPORT           Reset_Handler
   12 00000000                 ENTRY
   13 00000000         Reset_Handler
   14 00000000         
   15 00000000 4814            LDR              R0, =codememory_data
   16 00000002 4915            LDR              R1, =datamemory_data
   17 00000004 F04F 020A       MOV              R2, #10
   18 00000008         
   19 00000008         LOOP
   20 00000008 F850 3B04       LDR              R3, [R0], #4
   21 0000000C F841 3B04       STR              R3, [R1], #4
   22 00000010 3A01            SUBS             R2, #1
   23 00000012 D1F9            BNE              LOOP
   24 00000014         
   25 00000014 4608            MOV              R0, R1
   26 00000016 F1A1 0104       SUB              R1, #4
   27 0000001A         
   28 0000001A F04F 030A       MOV              R3, #10
   29 0000001E         
   30 0000001E         LOOP1
   31 0000001E F851 2904       LDR              R2, [R1], #-4
   32 00000022 F840 2904       STR              R2, [R0], #-4
   33 00000026 3B01            SUBS             R3, #1
   34 00000028 D1F9            BNE              LOOP1
   35 0000002A         
   36 0000002A         
   37 0000002A         
   38 0000002A E7FE    stop    B                stop
   39 0000002C 11111111 
              22222222 
              33333333 
              44444444 
              55555555 
              66666666 
              77777777 
              88888888 
              99999999 
              AAAAAAAA codememory_data
                               DCD              0X11111111, 0X22222222, 0X33333
333, 0X44444444, 0X55555555, 0X66666666, 0X77777777, 0X88888888, 0X99999999, 0X
AAAAAAAA
   40 00000054 00000000 
              00000000         AREA             datamemory, DATA, READWRITE
   41 00000000 00000000 
                       datamemory_data
                               DCD              0
   42 00000004                 end
Command Line: --debug --xref --cpu=Cortex-M3 --apcs=interwork --depend=L1Q2.d -
oL1Q2.o -ID:\Softwares\Keil4\ARM\RV31\INC -ID:\Softwares\Keil4\ARM\CMSIS\Includ



ARM Macro Assembler    Page 2 


e -ID:\Softwares\Keil4\ARM\Inc\NXP\LPC17xx --predefine="__EVAL SETA 1" --list=.
\L1Q2.lst "Practice Codes\L1Q2.s"



ARM Macro Assembler    Page 1 Alphabetic symbol ordering
Relocatable symbols

RESET 00000000

Symbol: RESET
   Definitions
      At line 1 in file Practice
   Uses
      None
Comment: RESET unused
__Vectors 00000000

Symbol: __Vectors
   Definitions
      At line 3 in file Practice
   Uses
      At line 2 in file Practice
Comment: __Vectors used once
2 symbols



ARM Macro Assembler    Page 1 Alphabetic symbol ordering
Relocatable symbols

LOOP 00000008

Symbol: LOOP
   Definitions
      At line 19 in file Practice
   Uses
      At line 23 in file Practice
Comment: LOOP used once
LOOP1 0000001E

Symbol: LOOP1
   Definitions
      At line 30 in file Practice
   Uses
      At line 34 in file Practice
Comment: LOOP1 used once
Reset_Handler 00000000

Symbol: Reset_Handler
   Definitions
      At line 13 in file Practice
   Uses
      At line 6 in file Practice
      At line 11 in file Practice

codememory_data 0000002C

Symbol: codememory_data
   Definitions
      At line 39 in file Practice
   Uses
      At line 15 in file Practice
Comment: codememory_data used once
mycode 00000000

Symbol: mycode
   Definitions
      At line 10 in file Practice
   Uses
      None
Comment: mycode unused
stop 0000002A

Symbol: stop
   Definitions
      At line 38 in file Practice
   Uses
      At line 38 in file Practice
Comment: stop used once
6 symbols



ARM Macro Assembler    Page 1 Alphabetic symbol ordering
Relocatable symbols

datamemory 00000000

Symbol: datamemory
   Definitions
      At line 40 in file Practice
   Uses
      None
Comment: datamemory unused
datamemory_data 00000000

Symbol: datamemory_data
   Definitions
      At line 41 in file Practice
   Uses
      At line 16 in file Practice
Comment: datamemory_data used once
2 symbols
343 symbols in table
