


ARM Macro Assembler    Page 1 


    1 00000000                 AREA             RESET, DATA, READONLY
    2 00000000                 EXPORT           __Vectors
    3 00000000         __Vectors
    4 00000000 100000FF        DCD              0x100000FF
    5 00000004 00000000        DCD              Reset_Handler
    6 00000008         
    7 00000008                 ALIGN
    8 00000008         
    9 00000008                 AREA             mycode, CODE, READONLY
   10 00000000                 EXPORT           Reset_Handler
   11 00000000                 ENTRY
   12 00000000         Reset_Handler
   13 00000000         
   14 00000000 4815            LDR              R0, =codememory_data
   15 00000002 4916            LDR              R1, =datamemory_data
   16 00000004 F04F 020A       MOV              R2, #10
   17 00000008         
   18 00000008         LOOP
   19 00000008 F850 3B04       LDR              R3, [R0], #4
   20 0000000C F841 3B04       STR              R3, [R1], #4
   21 00000010 3A01            SUBS             R2, #1
   22 00000012 D1F9            BNE              LOOP
   23 00000014         
   24 00000014 4811            LDR              R0, =datamemory_data
   25 00000016         
   26 00000016 F1A1 0104       SUB              R1, #4
   27 0000001A F04F 0205       MOV              R2, #5
   28 0000001E         
   29 0000001E         LOOP1
   30 0000001E 6803            LDR              R3, [R0]
   31 00000020 680D            LDR              R5, [R1]
   32 00000022 F840 5B04       STR              R5, [R0], #4
   33 00000026 F841 3904       STR              R3, [R1], #-4
   34 0000002A 3A01            SUBS             R2, #1
   35 0000002C D1F7            BNE              LOOP1
   36 0000002E         
   37 0000002E E7FE    stop    B                stop
   38 00000030 11111111 
              22222222 
              33333333 
              44444444 
              55555555 
              66666666 
              77777777 
              88888888 
              99999999 
              AAAAAAAA codememory_data
                               DCD              0X11111111, 0X22222222, 0X33333
333, 0X44444444, 0X55555555, 0X66666666, 0X77777777, 0X88888888, 0X99999999, 0X
AAAAAAAA
   39 00000058 00000000 
              00000000 
              00000000         AREA             mydata, DATA, READWRITE
   40 00000000 00000000 
                       datamemory_data
                               DCD              0
   41 00000004                 end
Command Line: --debug --xref --cpu=Cortex-M3 --apcs=interwork --depend=L1Q3.d -
oL1Q3.o -ID:\Softwares\Keil4\ARM\RV31\INC -ID:\Softwares\Keil4\ARM\CMSIS\Includ



ARM Macro Assembler    Page 2 


e -ID:\Softwares\Keil4\ARM\Inc\NXP\LPC17xx --predefine="__EVAL SETA 1" --list=.
\L1Q3.lst "Practice Codes\L1Q3.s"



ARM Macro Assembler    Page 1 Alphabetic symbol ordering
Relocatable symbols

RESET 00000000

Symbol: RESET
   Definitions
      At line 1 in file Practice
   Uses
      None
Comment: RESET unused
__Vectors 00000000

Symbol: __Vectors
   Definitions
      At line 3 in file Practice
   Uses
      At line 2 in file Practice
Comment: __Vectors used once
2 symbols



ARM Macro Assembler    Page 1 Alphabetic symbol ordering
Relocatable symbols

LOOP 00000008

Symbol: LOOP
   Definitions
      At line 18 in file Practice
   Uses
      At line 22 in file Practice
Comment: LOOP used once
LOOP1 0000001E

Symbol: LOOP1
   Definitions
      At line 29 in file Practice
   Uses
      At line 35 in file Practice
Comment: LOOP1 used once
Reset_Handler 00000000

Symbol: Reset_Handler
   Definitions
      At line 12 in file Practice
   Uses
      At line 5 in file Practice
      At line 10 in file Practice

codememory_data 00000030

Symbol: codememory_data
   Definitions
      At line 38 in file Practice
   Uses
      At line 14 in file Practice
Comment: codememory_data used once
mycode 00000000

Symbol: mycode
   Definitions
      At line 9 in file Practice
   Uses
      None
Comment: mycode unused
stop 0000002E

Symbol: stop
   Definitions
      At line 37 in file Practice
   Uses
      At line 37 in file Practice
Comment: stop used once
6 symbols



ARM Macro Assembler    Page 1 Alphabetic symbol ordering
Relocatable symbols

datamemory_data 00000000

Symbol: datamemory_data
   Definitions
      At line 40 in file Practice
   Uses
      At line 15 in file Practice
      At line 24 in file Practice

mydata 00000000

Symbol: mydata
   Definitions
      At line 39 in file Practice
   Uses
      None
Comment: mydata unused
2 symbols
343 symbols in table
