


ARM Macro Assembler    Page 1 


    1 00000000                 AREA             RESET, DATA, READONLY
    2 00000000                 EXPORT           __Vectors
    3 00000000         
    4 00000000         __Vectors
    5 00000000 100000FF        DCD              0x100000FF  ; stack pointer val
                                                            ue when stack is em
                                                            pty
    6 00000004 00000000        DCD              Reset_Handler ; reset vector
    7 00000008         
    8 00000008                 ALIGN
    9 00000008         
   10 00000008                 AREA             mycode, CODE, READONLY
   11 00000000                 EXPORT           Reset_Handler
   12 00000000                 ENTRY
   13 00000000         Reset_Handler
   14 00000000 4808            LDR              R0,=N1
   15 00000002 6801            LDR              R1,[R0]
   16 00000004 4808            LDR              R0,=N2
   17 00000006 6802            LDR              R2,[R0]
   18 00000008         LOOP
   19 00000008 4291            CMP              R1,R2
   20 0000000A D004            BEQ              QUIT
   21 0000000C BF88 1A89       SUBHI            R1,R2
   22 00000010 BF38 1A52       SUBLO            R2,R1       ;WHY THIS??? SHOULD
                                                            N'T IT BE SUBHI R2,
                                                            R1
   23 00000014 E7F8            B                LOOP
   24 00000016         QUIT
   25 00000016 4A05            LDR              R2,=GCD
   26 00000018 6011            STR              R1,[R2]
   27 0000001A         STOP
   28 0000001A E7FE            B                STOP
   29 0000001C 0000000F 
                       N1      DCD              0XF
   30 00000020 00000019 
                       N2      DCD              0X19
   31 00000024 00000000 
              00000000 
              00000000         AREA             mydata, DATA, READWRITE
   32 00000000 00000000 
                       GCD     DCD              0
   33 00000004                 END
Command Line: --debug --xref --cpu=Cortex-M3 --apcs=interwork --depend=L3_Q3.d 
-oL3_Q3.o -ID:\Softwares\Keil4\ARM\RV31\INC -ID:\Softwares\Keil4\ARM\CMSIS\Incl
ude -ID:\Softwares\Keil4\ARM\Inc\NXP\LPC17xx --predefine="__EVAL SETA 1" --list
=.\L3_Q3.lst "Practice Codes\L3_Q3.s"



ARM Macro Assembler    Page 1 Alphabetic symbol ordering
Relocatable symbols

RESET 00000000

Symbol: RESET
   Definitions
      At line 1 in file Practice
   Uses
      None
Comment: RESET unused
__Vectors 00000000

Symbol: __Vectors
   Definitions
      At line 4 in file Practice
   Uses
      At line 2 in file Practice
Comment: __Vectors used once
2 symbols



ARM Macro Assembler    Page 1 Alphabetic symbol ordering
Relocatable symbols

LOOP 00000008

Symbol: LOOP
   Definitions
      At line 18 in file Practice
   Uses
      At line 23 in file Practice
Comment: LOOP used once
N1 0000001C

Symbol: N1
   Definitions
      At line 29 in file Practice
   Uses
      At line 14 in file Practice
Comment: N1 used once
N2 00000020

Symbol: N2
   Definitions
      At line 30 in file Practice
   Uses
      At line 16 in file Practice
Comment: N2 used once
QUIT 00000016

Symbol: QUIT
   Definitions
      At line 24 in file Practice
   Uses
      At line 20 in file Practice
Comment: QUIT used once
Reset_Handler 00000000

Symbol: Reset_Handler
   Definitions
      At line 13 in file Practice
   Uses
      At line 6 in file Practice
      At line 11 in file Practice

STOP 0000001A

Symbol: STOP
   Definitions
      At line 27 in file Practice
   Uses
      At line 28 in file Practice
Comment: STOP used once
mycode 00000000

Symbol: mycode
   Definitions
      At line 10 in file Practice
   Uses
      None
Comment: mycode unused
7 symbols



ARM Macro Assembler    Page 1 Alphabetic symbol ordering
Relocatable symbols

GCD 00000000

Symbol: GCD
   Definitions
      At line 32 in file Practice
   Uses
      At line 25 in file Practice
Comment: GCD used once
mydata 00000000

Symbol: mydata
   Definitions
      At line 31 in file Practice
   Uses
      None
Comment: mydata unused
2 symbols
344 symbols in table
