


ARM Macro Assembler    Page 1 


    1 00000000                 AREA             RESET, DATA, READONLY
    2 00000000                 EXPORT           __Vectors
    3 00000000         __Vectors
    4 00000000 100000FF        DCD              0x100000FF
    5 00000004 00000000        DCD              Reset_Handler
    6 00000008         
    7 00000008                 ALIGN
    8 00000008         
    9 00000008                 AREA             mycode, CODE, READONLY
   10 00000000                 EXPORT           Reset_Handler
   11 00000000                 ENTRY
   12 00000000         Reset_Handler
   13 00000000 481C            LDR              R0, =codememory_data
   14 00000002 491D            LDR              R1, =datamemory_data
   15 00000004 F04F 0208       MOV              R2, #8
   16 00000008         
   17 00000008         LOOP1
   18 00000008 F850 3B04       LDR              R3, [R0], #4
   19 0000000C F841 3B04       STR              R3, [R1], #4
   20 00000010 3A01            SUBS             R2, #1
   21 00000012 D1F9            BNE              LOOP1
   22 00000014         
   23 00000014 4818            LDR              R0, =datamemory_data
   24 00000016 4918            LDR              R1, =datamemory_data
   25 00000018         
   26 00000018         
   27 00000018 F04F 0808       MOV              R8, #8
   28 0000001C         
   29 0000001C         OUTER
   30 0000001C 4608            MOV              R0, R1
   31 0000001E 460F            MOV              R7, R1
   32 00000020 4644            MOV              R4, R8
   33 00000022 680A            LDR              R2, [R1]
   34 00000024         LOOP
   35 00000024 F850 3B04       LDR              R3, [R0], #4
   36 00000028 429A            CMP              R2, R3
   37 0000002A D305            BCC              NEXT
   38 0000002C 461A            MOV              R2, R3
   39 0000002E F1A0 0004       SUB              R0, #4
   40 00000032 4607            MOV              R7, R0
   41 00000034 F100 0004       ADD              R0, #4
   42 00000038         NEXT
   43 00000038 3C01            SUBS             R4, #1
   44 0000003A D1F3            BNE              LOOP
   45 0000003C         
   46 0000003C         
   47 0000003C 680E            LDR              R6, [R1]
   48 0000003E         
   49 0000003E 4296            CMP              R6, R2
   50 00000040 D001            BEQ              OUTER1
   51 00000042         
   52 00000042 600A            STR              R2, [R1]
   53 00000044 603E            STR              R6, [R7]
   54 00000046         OUTER1
   55 00000046 F101 0104       ADD              R1, #4
   56 0000004A F1B8 0801       SUBS             R8, #1
   57 0000004E D1E5            BNE              OUTER
   58 00000050         
   59 00000050 E7FE    stop    B                stop



ARM Macro Assembler    Page 2 


   60 00000052 00 00 11111111 
              22222222 
              33333333 
              88888888 
              44444444 
              55555555 
              66666666 
              77777777 codememory_data
                               DCD              0X11111111, 0X22222222, 0X33333
333, 0X88888888, 0X44444444, 0X55555555, 0X66666666, 0X77777777
   61 00000074 00000000 
              00000000 
              00000000 
              00000000         AREA             datamemory, DATA, READWRITE
   62 00000000 00000000 
                       datamemory_data
                               DCD              0
   63 00000004                 end
Command Line: --debug --xref --cpu=Cortex-M3 --apcs=interwork --depend=L5Q1.d -
oL5Q1.o -ID:\Softwares\Keil4\ARM\RV31\INC -ID:\Softwares\Keil4\ARM\CMSIS\Includ
e -ID:\Softwares\Keil4\ARM\Inc\NXP\LPC17xx --predefine="__EVAL SETA 1" --list=.
\L5Q1.lst "Practice Codes\L5Q1.s"



ARM Macro Assembler    Page 1 Alphabetic symbol ordering
Relocatable symbols

RESET 00000000

Symbol: RESET
   Definitions
      At line 1 in file Practice
   Uses
      None
Comment: RESET unused
__Vectors 00000000

Symbol: __Vectors
   Definitions
      At line 3 in file Practice
   Uses
      At line 2 in file Practice
Comment: __Vectors used once
2 symbols



ARM Macro Assembler    Page 1 Alphabetic symbol ordering
Relocatable symbols

LOOP 00000024

Symbol: LOOP
   Definitions
      At line 34 in file Practice
   Uses
      At line 44 in file Practice
Comment: LOOP used once
LOOP1 00000008

Symbol: LOOP1
   Definitions
      At line 17 in file Practice
   Uses
      At line 21 in file Practice
Comment: LOOP1 used once
NEXT 00000038

Symbol: NEXT
   Definitions
      At line 42 in file Practice
   Uses
      At line 37 in file Practice
Comment: NEXT used once
OUTER 0000001C

Symbol: OUTER
   Definitions
      At line 29 in file Practice
   Uses
      At line 57 in file Practice
Comment: OUTER used once
OUTER1 00000046

Symbol: OUTER1
   Definitions
      At line 54 in file Practice
   Uses
      At line 50 in file Practice
Comment: OUTER1 used once
Reset_Handler 00000000

Symbol: Reset_Handler
   Definitions
      At line 12 in file Practice
   Uses
      At line 5 in file Practice
      At line 10 in file Practice

codememory_data 00000054

Symbol: codememory_data
   Definitions
      At line 60 in file Practice
   Uses
      At line 13 in file Practice
Comment: codememory_data used once
mycode 00000000




ARM Macro Assembler    Page 2 Alphabetic symbol ordering
Relocatable symbols

Symbol: mycode
   Definitions
      At line 9 in file Practice
   Uses
      None
Comment: mycode unused
stop 00000050

Symbol: stop
   Definitions
      At line 59 in file Practice
   Uses
      At line 59 in file Practice
Comment: stop used once
9 symbols



ARM Macro Assembler    Page 1 Alphabetic symbol ordering
Relocatable symbols

datamemory 00000000

Symbol: datamemory
   Definitions
      At line 61 in file Practice
   Uses
      None
Comment: datamemory unused
datamemory_data 00000000

Symbol: datamemory_data
   Definitions
      At line 62 in file Practice
   Uses
      At line 14 in file Practice
      At line 23 in file Practice
      At line 24 in file Practice

2 symbols
346 symbols in table
