


ARM Macro Assembler    Page 1 


    1 00000000                 AREA             RESET, DATA, READONLY
    2 00000000                 EXPORT           __Vectors
    3 00000000         __Vectors
    4 00000000 100000FF        DCD              0x100000FF
    5 00000004 00000000        DCD              Reset_Handler
    6 00000008         
    7 00000008                 ALIGN
    8 00000008         
    9 00000008                 AREA             mycode, CODE, READONLY
   10 00000000                 EXPORT           Reset_Handler
   11 00000000                 ENTRY
   12 00000000         Reset_Handler
   13 00000000         
   14 00000000 4811            LDR              R0, =NUM
   15 00000002 4F12            LDR              R7, =DST
   16 00000004 F04F 0605       MOV              R6, #5
   17 00000008         
   18 00000008         OUTER
   19 00000008 3E01            SUBS             R6, #1
   20 0000000A D014            BEQ              stop
   21 0000000C F850 1B04       LDR              R1, [R0], #4
   22 00000010 460A            MOV              R2, R1
   23 00000012 F04F 0300       MOV              R3, #0
   24 00000016 F04F 0502       MOV              R5, #2
   25 0000001A         LOOP
   26 0000001A 460C            MOV              R4, R1
   27 0000001C 3A01            SUBS             R2, #1
   28 0000001E 42AA            CMP              R2, R5
   29 00000020 D306            BCC              FOUND
   30 00000022         DIVIDE
   31 00000022 1AA4            SUBS             R4, R2
   32 00000024 4294            CMP              R4, R2
   33 00000026 D2FC            BCS              DIVIDE
   34 00000028 429C            CMP              R4, R3
   35 0000002A D0ED            BEQ              OUTER
   36 0000002C D1F5            BNE              LOOP
   37 0000002E E002            B                stop
   38 00000030         FOUND
   39 00000030 F847 1B04       STR              R1, [R7], #4
   40 00000034 E7E8            B                OUTER
   41 00000036         
   42 00000036 E7FE    stop    B                stop
   43 00000038 00000005 
              00000004 
              00000006 
              00000007 NUM     DCD              0x5, 0x4, 0x6, 0x7
   44 00000048 00000000 
              00000000         AREA             datamemory, DATA, READWRITE
   45 00000000 00000000 
                       DST     DCD              0
   46 00000004                 END
Command Line: --debug --xref --cpu=Cortex-M3 --apcs=interwork --depend=prime.d 
-oprime.o -ID:\Softwares\Keil4\ARM\RV31\INC -ID:\Softwares\Keil4\ARM\CMSIS\Incl
ude -ID:\Softwares\Keil4\ARM\Inc\NXP\LPC17xx --predefine="__EVAL SETA 1" --list
=.\prime.lst "Practice Codes\prime.s"



ARM Macro Assembler    Page 1 Alphabetic symbol ordering
Relocatable symbols

RESET 00000000

Symbol: RESET
   Definitions
      At line 1 in file Practice
   Uses
      None
Comment: RESET unused
__Vectors 00000000

Symbol: __Vectors
   Definitions
      At line 3 in file Practice
   Uses
      At line 2 in file Practice
Comment: __Vectors used once
2 symbols



ARM Macro Assembler    Page 1 Alphabetic symbol ordering
Relocatable symbols

DIVIDE 00000022

Symbol: DIVIDE
   Definitions
      At line 30 in file Practice
   Uses
      At line 33 in file Practice
Comment: DIVIDE used once
FOUND 00000030

Symbol: FOUND
   Definitions
      At line 38 in file Practice
   Uses
      At line 29 in file Practice
Comment: FOUND used once
LOOP 0000001A

Symbol: LOOP
   Definitions
      At line 25 in file Practice
   Uses
      At line 36 in file Practice
Comment: LOOP used once
NUM 00000038

Symbol: NUM
   Definitions
      At line 43 in file Practice
   Uses
      At line 14 in file Practice
Comment: NUM used once
OUTER 00000008

Symbol: OUTER
   Definitions
      At line 18 in file Practice
   Uses
      At line 35 in file Practice
      At line 40 in file Practice

Reset_Handler 00000000

Symbol: Reset_Handler
   Definitions
      At line 12 in file Practice
   Uses
      At line 5 in file Practice
      At line 10 in file Practice

mycode 00000000

Symbol: mycode
   Definitions
      At line 9 in file Practice
   Uses
      None
Comment: mycode unused
stop 00000036



ARM Macro Assembler    Page 2 Alphabetic symbol ordering
Relocatable symbols


Symbol: stop
   Definitions
      At line 42 in file Practice
   Uses
      At line 20 in file Practice
      At line 37 in file Practice
      At line 42 in file Practice

8 symbols



ARM Macro Assembler    Page 1 Alphabetic symbol ordering
Relocatable symbols

DST 00000000

Symbol: DST
   Definitions
      At line 45 in file Practice
   Uses
      At line 15 in file Practice
Comment: DST used once
datamemory 00000000

Symbol: datamemory
   Definitions
      At line 44 in file Practice
   Uses
      None
Comment: datamemory unused
2 symbols
345 symbols in table
